<?xml version="1.0" encoding="UTF-8"?>
<testsuite xmlns:xsi="http://www.w3.org/2001/XMLSchema-instance" xsi:noNamespaceSchemaLocation="https://maven.apache.org/surefire/maven-surefire-plugin/xsd/surefire-test-report-3.0.xsd" version="3.0" name="com.neu.carbon.AppTest" time="0.029" tests="1" errors="0" skipped="0" failures="0">
  <properties>
    <property name="sun.desktop" value="windows"/>
    <property name="awt.toolkit" value="sun.awt.windows.WToolkit"/>
    <property name="java.specification.version" value="11"/>
    <property name="sun.cpu.isalist" value="amd64"/>
    <property name="sun.jnu.encoding" value="GBK"/>
    <property name="java.class.path" value="D:\JMU\carbon - 20250714\neu-carbon-service\target\test-classes;D:\JMU\carbon - 20250714\neu-carbon-service\target\classes;D:\JMU\carbon - 20250714\neu-framework\target\neu-framework-3.3.0.jar;C:\Users\28354\.m2\repository\org\springframework\boot\spring-boot-starter-web\2.2.12.RELEASE\spring-boot-starter-web-2.2.12.RELEASE.jar;C:\Users\28354\.m2\repository\org\springframework\boot\spring-boot-starter\2.2.12.RELEASE\spring-boot-starter-2.2.12.RELEASE.jar;C:\Users\28354\.m2\repository\org\springframework\boot\spring-boot\2.2.12.RELEASE\spring-boot-2.2.12.RELEASE.jar;C:\Users\28354\.m2\repository\org\springframework\boot\spring-boot-starter-logging\2.2.12.RELEASE\spring-boot-starter-logging-2.2.12.RELEASE.jar;C:\Users\28354\.m2\repository\ch\qos\logback\logback-classic\1.2.3\logback-classic-1.2.3.jar;C:\Users\28354\.m2\repository\ch\qos\logback\logback-core\1.2.3\logback-core-1.2.3.jar;C:\Users\28354\.m2\repository\org\apache\logging\log4j\log4j-to-slf4j\2.15.0\log4j-to-slf4j-2.15.0.jar;C:\Users\28354\.m2\repository\org\apache\logging\log4j\log4j-api\2.15.0\log4j-api-2.15.0.jar;C:\Users\28354\.m2\repository\org\slf4j\jul-to-slf4j\1.7.30\jul-to-slf4j-1.7.30.jar;C:\Users\28354\.m2\repository\jakarta\annotation\jakarta.annotation-api\1.3.5\jakarta.annotation-api-1.3.5.jar;C:\Users\28354\.m2\repository\org\springframework\boot\spring-boot-starter-json\2.2.12.RELEASE\spring-boot-starter-json-2.2.12.RELEASE.jar;C:\Users\28354\.m2\repository\com\fasterxml\jackson\datatype\jackson-datatype-jdk8\2.10.5\jackson-datatype-jdk8-2.10.5.jar;C:\Users\28354\.m2\repository\com\fasterxml\jackson\datatype\jackson-datatype-jsr310\2.10.5\jackson-datatype-jsr310-2.10.5.jar;C:\Users\28354\.m2\repository\com\fasterxml\jackson\module\jackson-module-parameter-names\2.10.5\jackson-module-parameter-names-2.10.5.jar;C:\Users\28354\.m2\repository\org\springframework\boot\spring-boot-starter-tomcat\2.2.12.RELEASE\spring-boot-starter-tomcat-2.2.12.RELEASE.jar;C:\Users\28354\.m2\repository\org\apache\tomcat\embed\tomcat-embed-core\9.0.41\tomcat-embed-core-9.0.41.jar;C:\Users\28354\.m2\repository\org\apache\tomcat\embed\tomcat-embed-el\9.0.41\tomcat-embed-el-9.0.41.jar;C:\Users\28354\.m2\repository\org\apache\tomcat\embed\tomcat-embed-websocket\9.0.41\tomcat-embed-websocket-9.0.41.jar;C:\Users\28354\.m2\repository\org\springframework\boot\spring-boot-starter-validation\2.2.12.RELEASE\spring-boot-starter-validation-2.2.12.RELEASE.jar;C:\Users\28354\.m2\repository\jakarta\validation\jakarta.validation-api\2.0.2\jakarta.validation-api-2.0.2.jar;C:\Users\28354\.m2\repository\org\hibernate\validator\hibernate-validator\6.0.21.Final\hibernate-validator-6.0.21.Final.jar;C:\Users\28354\.m2\repository\org\jboss\logging\jboss-logging\3.4.1.Final\jboss-logging-3.4.1.Final.jar;C:\Users\28354\.m2\repository\org\springframework\spring-webmvc\5.2.12.RELEASE\spring-webmvc-5.2.12.RELEASE.jar;C:\Users\28354\.m2\repository\org\springframework\spring-expression\5.2.12.RELEASE\spring-expression-5.2.12.RELEASE.jar;C:\Users\28354\.m2\repository\org\springframework\boot\spring-boot-starter-aop\2.2.12.RELEASE\spring-boot-starter-aop-2.2.12.RELEASE.jar;C:\Users\28354\.m2\repository\org\springframework\spring-aop\5.2.12.RELEASE\spring-aop-5.2.12.RELEASE.jar;C:\Users\28354\.m2\repository\org\aspectj\aspectjweaver\1.9.6\aspectjweaver-1.9.6.jar;C:\Users\28354\.m2\repository\com\alibaba\druid-spring-boot-starter\1.2.4\druid-spring-boot-starter-1.2.4.jar;C:\Users\28354\.m2\repository\com\alibaba\druid\1.2.4\druid-1.2.4.jar;C:\Users\28354\.m2\repository\javax\annotation\javax.annotation-api\1.3.2\javax.annotation-api-1.3.2.jar;C:\Users\28354\.m2\repository\org\slf4j\slf4j-api\1.7.30\slf4j-api-1.7.30.jar;C:\Users\28354\.m2\repository\org\springframework\boot\spring-boot-autoconfigure\2.2.12.RELEASE\spring-boot-autoconfigure-2.2.12.RELEASE.jar;C:\Users\28354\.m2\repository\com\github\penggle\kaptcha\2.3.2\kaptcha-2.3.2.jar;C:\Users\28354\.m2\repository\com\jhlabs\filters\2.0.235-1\filters-2.0.235-1.jar;C:\Users\28354\.m2\repository\com\github\oshi\oshi-core\5.3.6\oshi-core-5.3.6.jar;C:\Users\28354\.m2\repository\net\java\dev\jna\jna\5.6.0\jna-5.6.0.jar;C:\Users\28354\.m2\repository\net\java\dev\jna\jna-platform\5.6.0\jna-platform-5.6.0.jar;D:\JMU\carbon - 20250714\neu-system\target\neu-system-3.3.0.jar;D:\JMU\carbon - 20250714\neu-common\target\neu-common-3.3.0.jar;C:\Users\28354\.m2\repository\io\springfox\springfox-swagger2\2.10.5\springfox-swagger2-2.10.5.jar;C:\Users\28354\.m2\repository\io\springfox\springfox-spi\2.10.5\springfox-spi-2.10.5.jar;C:\Users\28354\.m2\repository\io\springfox\springfox-core\2.10.5\springfox-core-2.10.5.jar;C:\Users\28354\.m2\repository\net\bytebuddy\byte-buddy\1.10.18\byte-buddy-1.10.18.jar;C:\Users\28354\.m2\repository\io\springfox\springfox-schema\2.10.5\springfox-schema-2.10.5.jar;C:\Users\28354\.m2\repository\io\springfox\springfox-swagger-common\2.10.5\springfox-swagger-common-2.10.5.jar;C:\Users\28354\.m2\repository\io\springfox\springfox-spring-web\2.10.5\springfox-spring-web-2.10.5.jar;C:\Users\28354\.m2\repository\io\github\classgraph\classgraph\4.1.7\classgraph-4.1.7.jar;C:\Users\28354\.m2\repository\com\fasterxml\classmate\1.5.1\classmate-1.5.1.jar;C:\Users\28354\.m2\repository\org\springframework\plugin\spring-plugin-core\2.0.0.RELEASE\spring-plugin-core-2.0.0.RELEASE.jar;C:\Users\28354\.m2\repository\org\springframework\plugin\spring-plugin-metadata\2.0.0.RELEASE\spring-plugin-metadata-2.0.0.RELEASE.jar;C:\Users\28354\.m2\repository\org\mapstruct\mapstruct\1.3.1.Final\mapstruct-1.3.1.Final.jar;C:\Users\28354\.m2\repository\io\swagger\swagger-annotations\1.5.21\swagger-annotations-1.5.21.jar;C:\Users\28354\.m2\repository\io\swagger\swagger-models\1.5.21\swagger-models-1.5.21.jar;C:\Users\28354\.m2\repository\com\fasterxml\jackson\core\jackson-annotations\2.10.5\jackson-annotations-2.10.5.jar;C:\Users\28354\.m2\repository\com\github\xiaoymin\knife4j-spring-boot-starter\2.0.8\knife4j-spring-boot-starter-2.0.8.jar;C:\Users\28354\.m2\repository\com\github\xiaoymin\knife4j-spring-boot-autoconfigure\2.0.8\knife4j-spring-boot-autoconfigure-2.0.8.jar;C:\Users\28354\.m2\repository\com\github\xiaoymin\knife4j-spring\2.0.8\knife4j-spring-2.0.8.jar;C:\Users\28354\.m2\repository\com\github\xiaoymin\knife4j-annotations\2.0.8\knife4j-annotations-2.0.8.jar;C:\Users\28354\.m2\repository\com\github\xiaoymin\knife4j-core\2.0.8\knife4j-core-2.0.8.jar;C:\Users\28354\.m2\repository\org\javassist\javassist\3.25.0-GA\javassist-3.25.0-GA.jar;C:\Users\28354\.m2\repository\io\springfox\springfox-bean-validators\2.10.5\springfox-bean-validators-2.10.5.jar;C:\Users\28354\.m2\repository\io\springfox\springfox-spring-webmvc\2.10.5\springfox-spring-webmvc-2.10.5.jar;C:\Users\28354\.m2\repository\com\github\xiaoymin\knife4j-spring-ui\2.0.8\knife4j-spring-ui-2.0.8.jar;C:\Users\28354\.m2\repository\org\springframework\spring-context-support\5.2.12.RELEASE\spring-context-support-5.2.12.RELEASE.jar;C:\Users\28354\.m2\repository\org\springframework\spring-beans\5.2.12.RELEASE\spring-beans-5.2.12.RELEASE.jar;C:\Users\28354\.m2\repository\org\springframework\spring-context\5.2.12.RELEASE\spring-context-5.2.12.RELEASE.jar;C:\Users\28354\.m2\repository\org\springframework\spring-core\5.2.12.RELEASE\spring-core-5.2.12.RELEASE.jar;C:\Users\28354\.m2\repository\org\springframework\spring-jcl\5.2.12.RELEASE\spring-jcl-5.2.12.RELEASE.jar;C:\Users\28354\.m2\repository\org\springframework\spring-web\5.2.12.RELEASE\spring-web-5.2.12.RELEASE.jar;C:\Users\28354\.m2\repository\org\springframework\boot\spring-boot-starter-security\2.2.12.RELEASE\spring-boot-starter-security-2.2.12.RELEASE.jar;C:\Users\28354\.m2\repository\org\springframework\security\spring-security-config\5.2.8.RELEASE\spring-security-config-5.2.8.RELEASE.jar;C:\Users\28354\.m2\repository\org\springframework\security\spring-security-core\5.2.8.RELEASE\spring-security-core-5.2.8.RELEASE.jar;C:\Users\28354\.m2\repository\org\springframework\security\spring-security-web\5.2.8.RELEASE\spring-security-web-5.2.8.RELEASE.jar;C:\Users\28354\.m2\repository\com\github\pagehelper\pagehelper-spring-boot-starter\1.3.0\pagehelper-spring-boot-starter-1.3.0.jar;C:\Users\28354\.m2\repository\org\mybatis\spring\boot\mybatis-spring-boot-starter\2.1.3\mybatis-spring-boot-starter-2.1.3.jar;C:\Users\28354\.m2\repository\org\springframework\boot\spring-boot-starter-jdbc\2.2.12.RELEASE\spring-boot-starter-jdbc-2.2.12.RELEASE.jar;C:\Users\28354\.m2\repository\com\zaxxer\HikariCP\3.4.5\HikariCP-3.4.5.jar;C:\Users\28354\.m2\repository\org\springframework\spring-jdbc\5.2.12.RELEASE\spring-jdbc-5.2.12.RELEASE.jar;C:\Users\28354\.m2\repository\org\mybatis\spring\boot\mybatis-spring-boot-autoconfigure\2.1.3\mybatis-spring-boot-autoconfigure-2.1.3.jar;C:\Users\28354\.m2\repository\org\mybatis\mybatis\3.5.5\mybatis-3.5.5.jar;C:\Users\28354\.m2\repository\org\mybatis\mybatis-spring\2.0.5\mybatis-spring-2.0.5.jar;C:\Users\28354\.m2\repository\com\github\pagehelper\pagehelper-spring-boot-autoconfigure\1.3.0\pagehelper-spring-boot-autoconfigure-1.3.0.jar;C:\Users\28354\.m2\repository\com\github\pagehelper\pagehelper\5.2.0\pagehelper-5.2.0.jar;C:\Users\28354\.m2\repository\com\github\jsqlparser\jsqlparser\3.2\jsqlparser-3.2.jar;C:\Users\28354\.m2\repository\org\springframework\boot\spring-boot-starter-data-redis\2.2.12.RELEASE\spring-boot-starter-data-redis-2.2.12.RELEASE.jar;C:\Users\28354\.m2\repository\org\springframework\data\spring-data-redis\2.2.12.RELEASE\spring-data-redis-2.2.12.RELEASE.jar;C:\Users\28354\.m2\repository\org\springframework\data\spring-data-keyvalue\2.2.12.RELEASE\spring-data-keyvalue-2.2.12.RELEASE.jar;C:\Users\28354\.m2\repository\org\springframework\data\spring-data-commons\2.2.12.RELEASE\spring-data-commons-2.2.12.RELEASE.jar;C:\Users\28354\.m2\repository\org\springframework\spring-tx\5.2.12.RELEASE\spring-tx-5.2.12.RELEASE.jar;C:\Users\28354\.m2\repository\org\springframework\spring-oxm\5.2.12.RELEASE\spring-oxm-5.2.12.RELEASE.jar;C:\Users\28354\.m2\repository\io\lettuce\lettuce-core\5.2.2.RELEASE\lettuce-core-5.2.2.RELEASE.jar;C:\Users\28354\.m2\repository\io\netty\netty-common\4.1.55.Final\netty-common-4.1.55.Final.jar;C:\Users\28354\.m2\repository\io\netty\netty-handler\4.1.55.Final\netty-handler-4.1.55.Final.jar;C:\Users\28354\.m2\repository\io\netty\netty-resolver\4.1.55.Final\netty-resolver-4.1.55.Final.jar;C:\Users\28354\.m2\repository\io\netty\netty-buffer\4.1.55.Final\netty-buffer-4.1.55.Final.jar;C:\Users\28354\.m2\repository\io\netty\netty-codec\4.1.55.Final\netty-codec-4.1.55.Final.jar;C:\Users\28354\.m2\repository\io\netty\netty-transport\4.1.55.Final\netty-transport-4.1.55.Final.jar;C:\Users\28354\.m2\repository\io\projectreactor\reactor-core\3.3.12.RELEASE\reactor-core-3.3.12.RELEASE.jar;C:\Users\28354\.m2\repository\org\reactivestreams\reactive-streams\1.0.3\reactive-streams-1.0.3.jar;C:\Users\28354\.m2\repository\javax\validation\validation-api\2.0.1.Final\validation-api-2.0.1.Final.jar;C:\Users\28354\.m2\repository\org\apache\commons\commons-lang3\3.9\commons-lang3-3.9.jar;C:\Users\28354\.m2\repository\com\fasterxml\jackson\core\jackson-databind\2.10.5.1\jackson-databind-2.10.5.1.jar;C:\Users\28354\.m2\repository\com\fasterxml\jackson\core\jackson-core\2.10.5\jackson-core-2.10.5.jar;C:\Users\28354\.m2\repository\com\alibaba\fastjson\1.2.74\fastjson-1.2.74.jar;C:\Users\28354\.m2\repository\commons-io\commons-io\2.5\commons-io-2.5.jar;C:\Users\28354\.m2\repository\commons-fileupload\commons-fileupload\1.3.3\commons-fileupload-1.3.3.jar;C:\Users\28354\.m2\repository\org\apache\poi\poi-ooxml\4.1.2\poi-ooxml-4.1.2.jar;C:\Users\28354\.m2\repository\org\apache\poi\poi\4.1.2\poi-4.1.2.jar;C:\Users\28354\.m2\repository\commons-codec\commons-codec\1.13\commons-codec-1.13.jar;C:\Users\28354\.m2\repository\org\apache\commons\commons-collections4\4.4\commons-collections4-4.4.jar;C:\Users\28354\.m2\repository\org\apache\commons\commons-math3\3.6.1\commons-math3-3.6.1.jar;C:\Users\28354\.m2\repository\com\zaxxer\SparseBitSet\1.2\SparseBitSet-1.2.jar;C:\Users\28354\.m2\repository\org\apache\poi\poi-ooxml-schemas\4.1.2\poi-ooxml-schemas-4.1.2.jar;C:\Users\28354\.m2\repository\org\apache\xmlbeans\xmlbeans\3.1.0\xmlbeans-3.1.0.jar;C:\Users\28354\.m2\repository\org\apache\commons\commons-compress\1.19\commons-compress-1.19.jar;C:\Users\28354\.m2\repository\com\github\virtuald\curvesapi\1.06\curvesapi-1.06.jar;C:\Users\28354\.m2\repository\org\yaml\snakeyaml\1.25\snakeyaml-1.25.jar;C:\Users\28354\.m2\repository\io\jsonwebtoken\jjwt\0.9.1\jjwt-0.9.1.jar;C:\Users\28354\.m2\repository\org\apache\commons\commons-pool2\2.7.0\commons-pool2-2.7.0.jar;C:\Users\28354\.m2\repository\eu\bitwalker\UserAgentUtils\1.21\UserAgentUtils-1.21.jar;C:\Users\28354\.m2\repository\javax\servlet\javax.servlet-api\4.0.1\javax.servlet-api-4.0.1.jar;C:\Users\28354\.m2\repository\org\projectlombok\lombok\1.18.16\lombok-1.18.16.jar;C:\Users\28354\.m2\repository\cn\hutool\hutool-all\4.5.11\hutool-all-4.5.11.jar;D:\JMU\carbon - 20250714\neu-common-biz\target\neu-common-biz-3.3.0.jar;C:\Users\28354\.m2\repository\junit\junit\4.12\junit-4.12.jar;C:\Users\28354\.m2\repository\org\hamcrest\hamcrest-core\2.1\hamcrest-core-2.1.jar;C:\Users\28354\.m2\repository\org\hamcrest\hamcrest\2.1\hamcrest-2.1.jar;D:\JMU\carbon - 20250714\neu-carbon-mapper\target\neu-carbon-mapper-3.3.0.jar;"/>
    <property name="java.vm.vendor" value="Oracle Corporation"/>
    <property name="sun.arch.data.model" value="64"/>
    <property name="user.variant" value=""/>
    <property name="java.vendor.url" value="https://java.oracle.com/"/>
    <property name="user.timezone" value="Asia/Shanghai"/>
    <property name="java.vm.specification.version" value="11"/>
    <property name="os.name" value="Windows 11"/>
    <property name="sun.java.launcher" value="SUN_STANDARD"/>
    <property name="user.country" value="CN"/>
    <property name="sun.boot.library.path" value="C:\Program Files\Java\jdk-11\bin"/>
    <property name="sun.java.command" value="C:\Users\28354\AppData\Local\Temp\surefire7386159649421568911\surefirebooter-20250714133807314_3.jar C:\Users\28354\AppData\Local\Temp\surefire7386159649421568911 2025-07-14T13-37-56_825-jvmRun1 surefire-20250714133807314_1tmp surefire_0-20250714133807314_2tmp"/>
    <property name="jdk.debug" value="release"/>
    <property name="surefire.test.class.path" value="D:\JMU\carbon - 20250714\neu-carbon-service\target\test-classes;D:\JMU\carbon - 20250714\neu-carbon-service\target\classes;D:\JMU\carbon - 20250714\neu-framework\target\neu-framework-3.3.0.jar;C:\Users\28354\.m2\repository\org\springframework\boot\spring-boot-starter-web\2.2.12.RELEASE\spring-boot-starter-web-2.2.12.RELEASE.jar;C:\Users\28354\.m2\repository\org\springframework\boot\spring-boot-starter\2.2.12.RELEASE\spring-boot-starter-2.2.12.RELEASE.jar;C:\Users\28354\.m2\repository\org\springframework\boot\spring-boot\2.2.12.RELEASE\spring-boot-2.2.12.RELEASE.jar;C:\Users\28354\.m2\repository\org\springframework\boot\spring-boot-starter-logging\2.2.12.RELEASE\spring-boot-starter-logging-2.2.12.RELEASE.jar;C:\Users\28354\.m2\repository\ch\qos\logback\logback-classic\1.2.3\logback-classic-1.2.3.jar;C:\Users\28354\.m2\repository\ch\qos\logback\logback-core\1.2.3\logback-core-1.2.3.jar;C:\Users\28354\.m2\repository\org\apache\logging\log4j\log4j-to-slf4j\2.15.0\log4j-to-slf4j-2.15.0.jar;C:\Users\28354\.m2\repository\org\apache\logging\log4j\log4j-api\2.15.0\log4j-api-2.15.0.jar;C:\Users\28354\.m2\repository\org\slf4j\jul-to-slf4j\1.7.30\jul-to-slf4j-1.7.30.jar;C:\Users\28354\.m2\repository\jakarta\annotation\jakarta.annotation-api\1.3.5\jakarta.annotation-api-1.3.5.jar;C:\Users\28354\.m2\repository\org\springframework\boot\spring-boot-starter-json\2.2.12.RELEASE\spring-boot-starter-json-2.2.12.RELEASE.jar;C:\Users\28354\.m2\repository\com\fasterxml\jackson\datatype\jackson-datatype-jdk8\2.10.5\jackson-datatype-jdk8-2.10.5.jar;C:\Users\28354\.m2\repository\com\fasterxml\jackson\datatype\jackson-datatype-jsr310\2.10.5\jackson-datatype-jsr310-2.10.5.jar;C:\Users\28354\.m2\repository\com\fasterxml\jackson\module\jackson-module-parameter-names\2.10.5\jackson-module-parameter-names-2.10.5.jar;C:\Users\28354\.m2\repository\org\springframework\boot\spring-boot-starter-tomcat\2.2.12.RELEASE\spring-boot-starter-tomcat-2.2.12.RELEASE.jar;C:\Users\28354\.m2\repository\org\apache\tomcat\embed\tomcat-embed-core\9.0.41\tomcat-embed-core-9.0.41.jar;C:\Users\28354\.m2\repository\org\apache\tomcat\embed\tomcat-embed-el\9.0.41\tomcat-embed-el-9.0.41.jar;C:\Users\28354\.m2\repository\org\apache\tomcat\embed\tomcat-embed-websocket\9.0.41\tomcat-embed-websocket-9.0.41.jar;C:\Users\28354\.m2\repository\org\springframework\boot\spring-boot-starter-validation\2.2.12.RELEASE\spring-boot-starter-validation-2.2.12.RELEASE.jar;C:\Users\28354\.m2\repository\jakarta\validation\jakarta.validation-api\2.0.2\jakarta.validation-api-2.0.2.jar;C:\Users\28354\.m2\repository\org\hibernate\validator\hibernate-validator\6.0.21.Final\hibernate-validator-6.0.21.Final.jar;C:\Users\28354\.m2\repository\org\jboss\logging\jboss-logging\3.4.1.Final\jboss-logging-3.4.1.Final.jar;C:\Users\28354\.m2\repository\org\springframework\spring-webmvc\5.2.12.RELEASE\spring-webmvc-5.2.12.RELEASE.jar;C:\Users\28354\.m2\repository\org\springframework\spring-expression\5.2.12.RELEASE\spring-expression-5.2.12.RELEASE.jar;C:\Users\28354\.m2\repository\org\springframework\boot\spring-boot-starter-aop\2.2.12.RELEASE\spring-boot-starter-aop-2.2.12.RELEASE.jar;C:\Users\28354\.m2\repository\org\springframework\spring-aop\5.2.12.RELEASE\spring-aop-5.2.12.RELEASE.jar;C:\Users\28354\.m2\repository\org\aspectj\aspectjweaver\1.9.6\aspectjweaver-1.9.6.jar;C:\Users\28354\.m2\repository\com\alibaba\druid-spring-boot-starter\1.2.4\druid-spring-boot-starter-1.2.4.jar;C:\Users\28354\.m2\repository\com\alibaba\druid\1.2.4\druid-1.2.4.jar;C:\Users\28354\.m2\repository\javax\annotation\javax.annotation-api\1.3.2\javax.annotation-api-1.3.2.jar;C:\Users\28354\.m2\repository\org\slf4j\slf4j-api\1.7.30\slf4j-api-1.7.30.jar;C:\Users\28354\.m2\repository\org\springframework\boot\spring-boot-autoconfigure\2.2.12.RELEASE\spring-boot-autoconfigure-2.2.12.RELEASE.jar;C:\Users\28354\.m2\repository\com\github\penggle\kaptcha\2.3.2\kaptcha-2.3.2.jar;C:\Users\28354\.m2\repository\com\jhlabs\filters\2.0.235-1\filters-2.0.235-1.jar;C:\Users\28354\.m2\repository\com\github\oshi\oshi-core\5.3.6\oshi-core-5.3.6.jar;C:\Users\28354\.m2\repository\net\java\dev\jna\jna\5.6.0\jna-5.6.0.jar;C:\Users\28354\.m2\repository\net\java\dev\jna\jna-platform\5.6.0\jna-platform-5.6.0.jar;D:\JMU\carbon - 20250714\neu-system\target\neu-system-3.3.0.jar;D:\JMU\carbon - 20250714\neu-common\target\neu-common-3.3.0.jar;C:\Users\28354\.m2\repository\io\springfox\springfox-swagger2\2.10.5\springfox-swagger2-2.10.5.jar;C:\Users\28354\.m2\repository\io\springfox\springfox-spi\2.10.5\springfox-spi-2.10.5.jar;C:\Users\28354\.m2\repository\io\springfox\springfox-core\2.10.5\springfox-core-2.10.5.jar;C:\Users\28354\.m2\repository\net\bytebuddy\byte-buddy\1.10.18\byte-buddy-1.10.18.jar;C:\Users\28354\.m2\repository\io\springfox\springfox-schema\2.10.5\springfox-schema-2.10.5.jar;C:\Users\28354\.m2\repository\io\springfox\springfox-swagger-common\2.10.5\springfox-swagger-common-2.10.5.jar;C:\Users\28354\.m2\repository\io\springfox\springfox-spring-web\2.10.5\springfox-spring-web-2.10.5.jar;C:\Users\28354\.m2\repository\io\github\classgraph\classgraph\4.1.7\classgraph-4.1.7.jar;C:\Users\28354\.m2\repository\com\fasterxml\classmate\1.5.1\classmate-1.5.1.jar;C:\Users\28354\.m2\repository\org\springframework\plugin\spring-plugin-core\2.0.0.RELEASE\spring-plugin-core-2.0.0.RELEASE.jar;C:\Users\28354\.m2\repository\org\springframework\plugin\spring-plugin-metadata\2.0.0.RELEASE\spring-plugin-metadata-2.0.0.RELEASE.jar;C:\Users\28354\.m2\repository\org\mapstruct\mapstruct\1.3.1.Final\mapstruct-1.3.1.Final.jar;C:\Users\28354\.m2\repository\io\swagger\swagger-annotations\1.5.21\swagger-annotations-1.5.21.jar;C:\Users\28354\.m2\repository\io\swagger\swagger-models\1.5.21\swagger-models-1.5.21.jar;C:\Users\28354\.m2\repository\com\fasterxml\jackson\core\jackson-annotations\2.10.5\jackson-annotations-2.10.5.jar;C:\Users\28354\.m2\repository\com\github\xiaoymin\knife4j-spring-boot-starter\2.0.8\knife4j-spring-boot-starter-2.0.8.jar;C:\Users\28354\.m2\repository\com\github\xiaoymin\knife4j-spring-boot-autoconfigure\2.0.8\knife4j-spring-boot-autoconfigure-2.0.8.jar;C:\Users\28354\.m2\repository\com\github\xiaoymin\knife4j-spring\2.0.8\knife4j-spring-2.0.8.jar;C:\Users\28354\.m2\repository\com\github\xiaoymin\knife4j-annotations\2.0.8\knife4j-annotations-2.0.8.jar;C:\Users\28354\.m2\repository\com\github\xiaoymin\knife4j-core\2.0.8\knife4j-core-2.0.8.jar;C:\Users\28354\.m2\repository\org\javassist\javassist\3.25.0-GA\javassist-3.25.0-GA.jar;C:\Users\28354\.m2\repository\io\springfox\springfox-bean-validators\2.10.5\springfox-bean-validators-2.10.5.jar;C:\Users\28354\.m2\repository\io\springfox\springfox-spring-webmvc\2.10.5\springfox-spring-webmvc-2.10.5.jar;C:\Users\28354\.m2\repository\com\github\xiaoymin\knife4j-spring-ui\2.0.8\knife4j-spring-ui-2.0.8.jar;C:\Users\28354\.m2\repository\org\springframework\spring-context-support\5.2.12.RELEASE\spring-context-support-5.2.12.RELEASE.jar;C:\Users\28354\.m2\repository\org\springframework\spring-beans\5.2.12.RELEASE\spring-beans-5.2.12.RELEASE.jar;C:\Users\28354\.m2\repository\org\springframework\spring-context\5.2.12.RELEASE\spring-context-5.2.12.RELEASE.jar;C:\Users\28354\.m2\repository\org\springframework\spring-core\5.2.12.RELEASE\spring-core-5.2.12.RELEASE.jar;C:\Users\28354\.m2\repository\org\springframework\spring-jcl\5.2.12.RELEASE\spring-jcl-5.2.12.RELEASE.jar;C:\Users\28354\.m2\repository\org\springframework\spring-web\5.2.12.RELEASE\spring-web-5.2.12.RELEASE.jar;C:\Users\28354\.m2\repository\org\springframework\boot\spring-boot-starter-security\2.2.12.RELEASE\spring-boot-starter-security-2.2.12.RELEASE.jar;C:\Users\28354\.m2\repository\org\springframework\security\spring-security-config\5.2.8.RELEASE\spring-security-config-5.2.8.RELEASE.jar;C:\Users\28354\.m2\repository\org\springframework\security\spring-security-core\5.2.8.RELEASE\spring-security-core-5.2.8.RELEASE.jar;C:\Users\28354\.m2\repository\org\springframework\security\spring-security-web\5.2.8.RELEASE\spring-security-web-5.2.8.RELEASE.jar;C:\Users\28354\.m2\repository\com\github\pagehelper\pagehelper-spring-boot-starter\1.3.0\pagehelper-spring-boot-starter-1.3.0.jar;C:\Users\28354\.m2\repository\org\mybatis\spring\boot\mybatis-spring-boot-starter\2.1.3\mybatis-spring-boot-starter-2.1.3.jar;C:\Users\28354\.m2\repository\org\springframework\boot\spring-boot-starter-jdbc\2.2.12.RELEASE\spring-boot-starter-jdbc-2.2.12.RELEASE.jar;C:\Users\28354\.m2\repository\com\zaxxer\HikariCP\3.4.5\HikariCP-3.4.5.jar;C:\Users\28354\.m2\repository\org\springframework\spring-jdbc\5.2.12.RELEASE\spring-jdbc-5.2.12.RELEASE.jar;C:\Users\28354\.m2\repository\org\mybatis\spring\boot\mybatis-spring-boot-autoconfigure\2.1.3\mybatis-spring-boot-autoconfigure-2.1.3.jar;C:\Users\28354\.m2\repository\org\mybatis\mybatis\3.5.5\mybatis-3.5.5.jar;C:\Users\28354\.m2\repository\org\mybatis\mybatis-spring\2.0.5\mybatis-spring-2.0.5.jar;C:\Users\28354\.m2\repository\com\github\pagehelper\pagehelper-spring-boot-autoconfigure\1.3.0\pagehelper-spring-boot-autoconfigure-1.3.0.jar;C:\Users\28354\.m2\repository\com\github\pagehelper\pagehelper\5.2.0\pagehelper-5.2.0.jar;C:\Users\28354\.m2\repository\com\github\jsqlparser\jsqlparser\3.2\jsqlparser-3.2.jar;C:\Users\28354\.m2\repository\org\springframework\boot\spring-boot-starter-data-redis\2.2.12.RELEASE\spring-boot-starter-data-redis-2.2.12.RELEASE.jar;C:\Users\28354\.m2\repository\org\springframework\data\spring-data-redis\2.2.12.RELEASE\spring-data-redis-2.2.12.RELEASE.jar;C:\Users\28354\.m2\repository\org\springframework\data\spring-data-keyvalue\2.2.12.RELEASE\spring-data-keyvalue-2.2.12.RELEASE.jar;C:\Users\28354\.m2\repository\org\springframework\data\spring-data-commons\2.2.12.RELEASE\spring-data-commons-2.2.12.RELEASE.jar;C:\Users\28354\.m2\repository\org\springframework\spring-tx\5.2.12.RELEASE\spring-tx-5.2.12.RELEASE.jar;C:\Users\28354\.m2\repository\org\springframework\spring-oxm\5.2.12.RELEASE\spring-oxm-5.2.12.RELEASE.jar;C:\Users\28354\.m2\repository\io\lettuce\lettuce-core\5.2.2.RELEASE\lettuce-core-5.2.2.RELEASE.jar;C:\Users\28354\.m2\repository\io\netty\netty-common\4.1.55.Final\netty-common-4.1.55.Final.jar;C:\Users\28354\.m2\repository\io\netty\netty-handler\4.1.55.Final\netty-handler-4.1.55.Final.jar;C:\Users\28354\.m2\repository\io\netty\netty-resolver\4.1.55.Final\netty-resolver-4.1.55.Final.jar;C:\Users\28354\.m2\repository\io\netty\netty-buffer\4.1.55.Final\netty-buffer-4.1.55.Final.jar;C:\Users\28354\.m2\repository\io\netty\netty-codec\4.1.55.Final\netty-codec-4.1.55.Final.jar;C:\Users\28354\.m2\repository\io\netty\netty-transport\4.1.55.Final\netty-transport-4.1.55.Final.jar;C:\Users\28354\.m2\repository\io\projectreactor\reactor-core\3.3.12.RELEASE\reactor-core-3.3.12.RELEASE.jar;C:\Users\28354\.m2\repository\org\reactivestreams\reactive-streams\1.0.3\reactive-streams-1.0.3.jar;C:\Users\28354\.m2\repository\javax\validation\validation-api\2.0.1.Final\validation-api-2.0.1.Final.jar;C:\Users\28354\.m2\repository\org\apache\commons\commons-lang3\3.9\commons-lang3-3.9.jar;C:\Users\28354\.m2\repository\com\fasterxml\jackson\core\jackson-databind\2.10.5.1\jackson-databind-2.10.5.1.jar;C:\Users\28354\.m2\repository\com\fasterxml\jackson\core\jackson-core\2.10.5\jackson-core-2.10.5.jar;C:\Users\28354\.m2\repository\com\alibaba\fastjson\1.2.74\fastjson-1.2.74.jar;C:\Users\28354\.m2\repository\commons-io\commons-io\2.5\commons-io-2.5.jar;C:\Users\28354\.m2\repository\commons-fileupload\commons-fileupload\1.3.3\commons-fileupload-1.3.3.jar;C:\Users\28354\.m2\repository\org\apache\poi\poi-ooxml\4.1.2\poi-ooxml-4.1.2.jar;C:\Users\28354\.m2\repository\org\apache\poi\poi\4.1.2\poi-4.1.2.jar;C:\Users\28354\.m2\repository\commons-codec\commons-codec\1.13\commons-codec-1.13.jar;C:\Users\28354\.m2\repository\org\apache\commons\commons-collections4\4.4\commons-collections4-4.4.jar;C:\Users\28354\.m2\repository\org\apache\commons\commons-math3\3.6.1\commons-math3-3.6.1.jar;C:\Users\28354\.m2\repository\com\zaxxer\SparseBitSet\1.2\SparseBitSet-1.2.jar;C:\Users\28354\.m2\repository\org\apache\poi\poi-ooxml-schemas\4.1.2\poi-ooxml-schemas-4.1.2.jar;C:\Users\28354\.m2\repository\org\apache\xmlbeans\xmlbeans\3.1.0\xmlbeans-3.1.0.jar;C:\Users\28354\.m2\repository\org\apache\commons\commons-compress\1.19\commons-compress-1.19.jar;C:\Users\28354\.m2\repository\com\github\virtuald\curvesapi\1.06\curvesapi-1.06.jar;C:\Users\28354\.m2\repository\org\yaml\snakeyaml\1.25\snakeyaml-1.25.jar;C:\Users\28354\.m2\repository\io\jsonwebtoken\jjwt\0.9.1\jjwt-0.9.1.jar;C:\Users\28354\.m2\repository\org\apache\commons\commons-pool2\2.7.0\commons-pool2-2.7.0.jar;C:\Users\28354\.m2\repository\eu\bitwalker\UserAgentUtils\1.21\UserAgentUtils-1.21.jar;C:\Users\28354\.m2\repository\javax\servlet\javax.servlet-api\4.0.1\javax.servlet-api-4.0.1.jar;C:\Users\28354\.m2\repository\org\projectlombok\lombok\1.18.16\lombok-1.18.16.jar;C:\Users\28354\.m2\repository\cn\hutool\hutool-all\4.5.11\hutool-all-4.5.11.jar;D:\JMU\carbon - 20250714\neu-common-biz\target\neu-common-biz-3.3.0.jar;C:\Users\28354\.m2\repository\junit\junit\4.12\junit-4.12.jar;C:\Users\28354\.m2\repository\org\hamcrest\hamcrest-core\2.1\hamcrest-core-2.1.jar;C:\Users\28354\.m2\repository\org\hamcrest\hamcrest\2.1\hamcrest-2.1.jar;D:\JMU\carbon - 20250714\neu-carbon-mapper\target\neu-carbon-mapper-3.3.0.jar;"/>
    <property name="sun.cpu.endian" value="little"/>
    <property name="user.home" value="C:\Users\28354"/>
    <property name="user.language" value="zh"/>
    <property name="java.specification.vendor" value="Oracle Corporation"/>
    <property name="java.version.date" value="2025-04-15"/>
    <property name="java.home" value="C:\Program Files\Java\jdk-11"/>
    <property name="file.separator" value="\"/>
    <property name="basedir" value="D:\JMU\carbon - 20250714\neu-carbon-service"/>
    <property name="java.vm.compressedOopsMode" value="Zero based"/>
    <property name="line.separator" value="&#10;"/>
    <property name="java.specification.name" value="Java Platform API Specification"/>
    <property name="java.vm.specification.vendor" value="Oracle Corporation"/>
    <property name="java.awt.graphicsenv" value="sun.awt.Win32GraphicsEnvironment"/>
    <property name="surefire.real.class.path" value="C:\Users\28354\AppData\Local\Temp\surefire7386159649421568911\surefirebooter-20250714133807314_3.jar"/>
    <property name="user.script" value=""/>
    <property name="sun.management.compiler" value="HotSpot 64-Bit Tiered Compilers"/>
    <property name="java.runtime.version" value="11.0.27+8-LTS-232"/>
    <property name="user.name" value="28354"/>
    <property name="path.separator" value=";"/>
    <property name="os.version" value="10.0"/>
    <property name="java.runtime.name" value="Java(TM) SE Runtime Environment"/>
    <property name="file.encoding" value="GBK"/>
    <property name="java.vm.name" value="Java HotSpot(TM) 64-Bit Server VM"/>
    <property name="java.vendor.version" value="18.9"/>
    <property name="localRepository" value="C:\Users\28354\.m2\repository"/>
    <property name="java.vendor.url.bug" value="https://bugreport.java.com/bugreport/"/>
    <property name="java.io.tmpdir" value="C:\Users\28354\AppData\Local\Temp\"/>
    <property name="java.version" value="11.0.27"/>
    <property name="user.dir" value="D:\JMU\carbon - 20250714\neu-carbon-service"/>
    <property name="os.arch" value="amd64"/>
    <property name="java.vm.specification.name" value="Java Virtual Machine Specification"/>
    <property name="java.awt.printerjob" value="sun.awt.windows.WPrinterJob"/>
    <property name="sun.os.patch.level" value=""/>
    <property name="java.library.path" value="C:\Program Files\Java\jdk-11\bin;C:\WINDOWS\Sun\Java\bin;C:\WINDOWS\system32;C:\WINDOWS;C:\Program Files\Common Files\Oracle\Java\javapath;C:\Python313\Scripts\;C:\Python313\;C:\Program Files\Microsoft\jdk-17.0.13.11-hotspot\bin;C:\Program Files (x86)\Common Files\Intel\Shared Libraries\redist\intel64\compiler;C:\Windows\system32;C:\Windows;C:\Windows\System32\Wbem;C:\Windows\System32\WindowsPowerShell\v1.0\;C:\Windows\System32\OpenSSH\;C:\Program Files\NVIDIA Corporation\NVIDIA NvDLISR;C:\Program Files (x86)\NVIDIA Corporation\PhysX\Common;C:\WINDOWS\system32;C:\WINDOWS;C:\WINDOWS\System32\Wbem;C:\WINDOWS\System32\WindowsPowerShell\v1.0\;C:\WINDOWS\System32\OpenSSH\;C:\Program Files\nodejs\;C:\ProgramData\chocolatey\bin;C:\Program Files\Git\cmd;C:\Program Files\Java\jdk-11\bin;C:\Program Files\Java\jdk-11\jre\bin;C:\Program Files\apache-maven\bin;C:\Users\28354\AppData\Local\Microsoft\WindowsApps;C:\Users\28354\AppData\Local\Programs\Microsoft VS Code\bin;D:\IntelliJ IDEA 2024.3.4\bin;;D:\PHP;C:\Users\28354\AppData\Roaming\npm;C:\Program Files\Git\bin;;."/>
    <property name="java.vendor" value="Oracle Corporation"/>
    <property name="java.vm.info" value="mixed mode"/>
    <property name="java.vm.version" value="11.0.27+8-LTS-232"/>
    <property name="java.specification.maintenance.version" value="3"/>
    <property name="sun.io.unicode.encoding" value="UnicodeLittle"/>
    <property name="java.class.version" value="55.0"/>
  </properties>
  <testcase name="testApp" classname="com.neu.carbon.AppTest" time="0.001"/>
</testsuite>